# JRE version: OpenJDK Runtime Environment Temurin-17.0.12+7 (17.0.12+7) (build 17.0.12+7)
# Java VM: OpenJDK 64-Bit Server VM Temurin-17.0.12+7 (17.0.12+7, mixed mode, tiered, compressed oops, compressed class ptrs, parallel gc, windows-amd64)
GC Precious Log:
 CPUs: 16 total, 16 available
 Memory: 16236M
 Large Page Support: Disabled
 NUMA Support: Disabled
 Compressed Oops: Enabled (32-bit)
 Alignments: Space 512K, Generation 512K, Heap 2M
 Heap Min Capacity: 100M
 Heap Initial Capacity: 100M
 Heap Max Capacity: 1G
 Pre-touch: Disabled
 Parallel Workers: 13
Heap:
 PSYoungGen      total 23552K, used 6365K [0x00000000eab00000, 0x00000000ec480000, 0x0000000100000000)
  eden space 22016K, 23% used [0x00000000eab00000,0x00000000eb00df08,0x00000000ec080000)
  from space 1536K, 77% used [0x00000000ec300000,0x00000000ec4295a0,0x00000000ec480000)
  to   space 1536K, 0% used [0x00000000ec180000,0x00000000ec180000,0x00000000ec300000)
 ParOldGen       total 68608K, used 17206K [0x00000000c0000000, 0x00000000c4300000, 0x00000000eab00000)
  object space 68608K, 25% used [0x00000000c0000000,0x00000000c10cda10,0x00000000c4300000)
 Metaspace       used 42916K, committed 43904K, reserved 1114112K
  class space    used 4375K, committed 4800K, reserved 1048576K
GC Heap History (20 events):
Event: 2.122 GC heap before
{Heap before GC invocations=7 (full 1):
 PSYoungGen      total 29696K, used 25600K [0x00000000eab00000, 0x00000000ece00000, 0x0000000100000000)
  eden space 25600K, 100% used [0x00000000eab00000,0x00000000ec400000,0x00000000ec400000)
  from space 4096K, 0% used [0x00000000ec400000,0x00000000ec400000,0x00000000ec800000)
  to   space 5120K, 0% used [0x00000000ec900000,0x00000000ec900000,0x00000000ece00000)
 ParOldGen       total 68608K, used 10665K [0x00000000c0000000, 0x00000000c4300000, 0x00000000eab00000)
  object space 68608K, 15% used [0x00000000c0000000,0x00000000c0a6a6a0,0x00000000c4300000)
 Metaspace       used 24882K, committed 25472K, reserved 1114112K
  class space    used 2512K, committed 2752K, reserved 1048576K
}
Event: 2.124 GC heap after
{Heap after GC invocations=7 (full 1):
 PSYoungGen      total 26624K, used 1155K [0x00000000eab00000, 0x00000000eca80000, 0x0000000100000000)
  eden space 25088K, 0% used [0x00000000eab00000,0x00000000eab00000,0x00000000ec380000)
  from space 1536K, 75% used [0x00000000ec900000,0x00000000eca20e70,0x00000000eca80000)
  to   space 2560K, 0% used [0x00000000ec580000,0x00000000ec580000,0x00000000ec800000)
 ParOldGen       total 68608K, used 10673K [0x00000000c0000000, 0x00000000c4300000, 0x00000000eab00000)
  object space 68608K, 15% used [0x00000000c0000000,0x00000000c0a6c6a0,0x00000000c4300000)
 Metaspace       used 24882K, committed 25472K, reserved 1114112K
  class space    used 2512K, committed 2752K, reserved 1048576K
}
Event: 2.387 GC heap before
{Heap before GC invocations=8 (full 1):
 PSYoungGen      total 26624K, used 26243K [0x00000000eab00000, 0x00000000eca80000, 0x0000000100000000)
  eden space 25088K, 100% used [0x00000000eab00000,0x00000000ec380000,0x00000000ec380000)
  from space 1536K, 75% used [0x00000000ec900000,0x00000000eca20e70,0x00000000eca80000)
  to   space 2560K, 0% used [0x00000000ec580000,0x00000000ec580000,0x00000000ec800000)
 ParOldGen       total 68608K, used 10673K [0x00000000c0000000, 0x00000000c4300000, 0x00000000eab00000)
  object space 68608K, 15% used [0x00000000c0000000,0x00000000c0a6c6a0,0x00000000c4300000)
 Metaspace       used 27552K, committed 28224K, reserved 1114112K
  class space    used 2833K, committed 3136K, reserved 1048576K
}
Event: 2.389 GC heap after
{Heap after GC invocations=8 (full 1):
 PSYoungGen      total 27136K, used 2554K [0x00000000eab00000, 0x00000000eca00000, 0x0000000100000000)
  eden space 24576K, 0% used [0x00000000eab00000,0x00000000eab00000,0x00000000ec300000)
  from space 2560K, 99% used [0x00000000ec580000,0x00000000ec7fe9d0,0x00000000ec800000)
  to   space 2048K, 0% used [0x00000000ec800000,0x00000000ec800000,0x00000000eca00000)
 ParOldGen       total 68608K, used 10905K [0x00000000c0000000, 0x00000000c4300000, 0x00000000eab00000)
  object space 68608K, 15% used [0x00000000c0000000,0x00000000c0aa66b0,0x00000000c4300000)
 Metaspace       used 27552K, committed 28224K, reserved 1114112K
  class space    used 2833K, committed 3136K, reserved 1048576K
}
Event: 2.563 GC heap before
{Heap before GC invocations=9 (full 1):
 PSYoungGen      total 27136K, used 27130K [0x00000000eab00000, 0x00000000eca00000, 0x0000000100000000)
  eden space 24576K, 100% used [0x00000000eab00000,0x00000000ec300000,0x00000000ec300000)
  from space 2560K, 99% used [0x00000000ec580000,0x00000000ec7fe9d0,0x00000000ec800000)
  to   space 2048K, 0% used [0x00000000ec800000,0x00000000ec800000,0x00000000eca00000)
 ParOldGen       total 68608K, used 10905K [0x00000000c0000000, 0x00000000c4300000, 0x00000000eab00000)
  object space 68608K, 15% used [0x00000000c0000000,0x00000000c0aa66b0,0x00000000c4300000)
 Metaspace       used 29542K, committed 30336K, reserved 1114112K
  class space    used 3014K, committed 3392K, reserved 1048576K
}
Event: 2.565 GC heap after
{Heap after GC invocations=9 (full 1):
 PSYoungGen      total 25600K, used 2047K [0x00000000eab00000, 0x00000000ece80000, 0x0000000100000000)
  eden space 23552K, 0% used [0x00000000eab00000,0x00000000eab00000,0x00000000ec200000)
  from space 2048K, 99% used [0x00000000ec800000,0x00000000ec9ffcd8,0x00000000eca00000)
  to   space 6144K, 0% used [0x00000000ec200000,0x00000000ec200000,0x00000000ec800000)
 ParOldGen       total 68608K, used 14060K [0x00000000c0000000, 0x00000000c4300000, 0x00000000eab00000)
  object space 68608K, 20% used [0x00000000c0000000,0x00000000c0dbb3e8,0x00000000c4300000)
 Metaspace       used 29542K, committed 30336K, reserved 1114112K
  class space    used 3014K, committed 3392K, reserved 1048576K
}
Event: 2.724 GC heap before
{Heap before GC invocations=10 (full 1):
 PSYoungGen      total 25600K, used 25599K [0x00000000eab00000, 0x00000000ece80000, 0x0000000100000000)
  eden space 23552K, 100% used [0x00000000eab00000,0x00000000ec200000,0x00000000ec200000)
  from space 2048K, 99% used [0x00000000ec800000,0x00000000ec9ffcd8,0x00000000eca00000)
  to   space 6144K, 0% used [0x00000000ec200000,0x00000000ec200000,0x00000000ec800000)
 ParOldGen       total 68608K, used 14060K [0x00000000c0000000, 0x00000000c4300000, 0x00000000eab00000)
  object space 68608K, 20% used [0x00000000c0000000,0x00000000c0dbb3e8,0x00000000c4300000)
 Metaspace       used 33215K, committed 34048K, reserved 1114112K
  class space    used 3281K, committed 3648K, reserved 1048576K
}
Event: 2.725 GC heap after
{Heap after GC invocations=10 (full 1):
 PSYoungGen      total 25088K, used 1905K [0x00000000eab00000, 0x00000000ec880000, 0x0000000100000000)
  eden space 23040K, 0% used [0x00000000eab00000,0x00000000eab00000,0x00000000ec180000)
  from space 2048K, 93% used [0x00000000ec200000,0x00000000ec3dc4d0,0x00000000ec400000)
  to   space 3584K, 0% used [0x00000000ec500000,0x00000000ec500000,0x00000000ec880000)
 ParOldGen       total 68608K, used 14492K [0x00000000c0000000, 0x00000000c4300000, 0x00000000eab00000)
  object space 68608K, 21% used [0x00000000c0000000,0x00000000c0e27100,0x00000000c4300000)
 Metaspace       used 33215K, committed 34048K, reserved 1114112K
  class space    used 3281K, committed 3648K, reserved 1048576K
}
Event: 2.869 GC heap before
{Heap before GC invocations=11 (full 1):
 PSYoungGen      total 25088K, used 24945K [0x00000000eab00000, 0x00000000ec880000, 0x0000000100000000)
  eden space 23040K, 100% used [0x00000000eab00000,0x00000000ec180000,0x00000000ec180000)
  from space 2048K, 93% used [0x00000000ec200000,0x00000000ec3dc4d0,0x00000000ec400000)
  to   space 3584K, 0% used [0x00000000ec500000,0x00000000ec500000,0x00000000ec880000)
 ParOldGen       total 68608K, used 14492K [0x00000000c0000000, 0x00000000c4300000, 0x00000000eab00000)
  object space 68608K, 21% used [0x00000000c0000000,0x00000000c0e27100,0x00000000c4300000)
 Metaspace       used 34872K, committed 35648K, reserved 1114112K
  class space    used 3409K, committed 3712K, reserved 1048576K
}
Event: 2.870 GC heap after
{Heap after GC invocations=11 (full 1):
 PSYoungGen      total 25600K, used 2710K [0x00000000eab00000, 0x00000000ec800000, 0x0000000100000000)
  eden space 22528K, 0% used [0x00000000eab00000,0x00000000eab00000,0x00000000ec100000)
  from space 3072K, 88% used [0x00000000ec500000,0x00000000ec7a58b8,0x00000000ec800000)
  to   space 3072K, 0% used [0x00000000ec200000,0x00000000ec200000,0x00000000ec500000)
 ParOldGen       total 68608K, used 15668K [0x00000000c0000000, 0x00000000c4300000, 0x00000000eab00000)
  object space 68608K, 22% used [0x00000000c0000000,0x00000000c0f4d300,0x00000000c4300000)
 Metaspace       used 34872K, committed 35648K, reserved 1114112K
  class space    used 3409K, committed 3712K, reserved 1048576K
}
Event: 2.884 GC heap before
{Heap before GC invocations=12 (full 1):
 PSYoungGen      total 25600K, used 5206K [0x00000000eab00000, 0x00000000ec800000, 0x0000000100000000)
  eden space 22528K, 11% used [0x00000000eab00000,0x00000000ead70258,0x00000000ec100000)
  from space 3072K, 88% used [0x00000000ec500000,0x00000000ec7a58b8,0x00000000ec800000)
  to   space 3072K, 0% used [0x00000000ec200000,0x00000000ec200000,0x00000000ec500000)
 ParOldGen       total 68608K, used 15668K [0x00000000c0000000, 0x00000000c4300000, 0x00000000eab00000)
  object space 68608K, 22% used [0x00000000c0000000,0x00000000c0f4d300,0x00000000c4300000)
 Metaspace       used 35077K, committed 35840K, reserved 1114112K
  class space    used 3429K, committed 3776K, reserved 1048576K
}
Event: 2.886 GC heap after
{Heap after GC invocations=12 (full 1):
 PSYoungGen      total 23552K, used 547K [0x00000000eab00000, 0x00000000ec580000, 0x0000000100000000)
  eden space 22528K, 0% used [0x00000000eab00000,0x00000000eab00000,0x00000000ec100000)
  from space 1024K, 53% used [0x00000000ec200000,0x00000000ec288c10,0x00000000ec300000)
  to   space 1536K, 0% used [0x00000000ec400000,0x00000000ec400000,0x00000000ec580000)
 ParOldGen       total 68608K, used 18225K [0x00000000c0000000, 0x00000000c4300000, 0x00000000eab00000)
  object space 68608K, 26% used [0x00000000c0000000,0x00000000c11cc400,0x00000000c4300000)
 Metaspace       used 35077K, committed 35840K, reserved 1114112K
  class space    used 3429K, committed 3776K, reserved 1048576K
}
Event: 2.886 GC heap before
{Heap before GC invocations=13 (full 2):
 PSYoungGen      total 23552K, used 547K [0x00000000eab00000, 0x00000000ec580000, 0x0000000100000000)
  eden space 22528K, 0% used [0x00000000eab00000,0x00000000eab00000,0x00000000ec100000)
  from space 1024K, 53% used [0x00000000ec200000,0x00000000ec288c10,0x00000000ec300000)
  to   space 1536K, 0% used [0x00000000ec400000,0x00000000ec400000,0x00000000ec580000)
 ParOldGen       total 68608K, used 18225K [0x00000000c0000000, 0x00000000c4300000, 0x00000000eab00000)
  object space 68608K, 26% used [0x00000000c0000000,0x00000000c11cc400,0x00000000c4300000)
 Metaspace       used 35077K, committed 35840K, reserved 1114112K
  class space    used 3429K, committed 3776K, reserved 1048576K
}
Event: 2.904 GC heap after
{Heap after GC invocations=13 (full 2):
 PSYoungGen      total 23552K, used 0K [0x00000000eab00000, 0x00000000ec580000, 0x0000000100000000)
  eden space 22528K, 0% used [0x00000000eab00000,0x00000000eab00000,0x00000000ec100000)
  from space 1024K, 0% used [0x00000000ec200000,0x00000000ec200000,0x00000000ec300000)
  to   space 1536K, 0% used [0x00000000ec400000,0x00000000ec400000,0x00000000ec580000)
 ParOldGen       total 68608K, used 15152K [0x00000000c0000000, 0x00000000c4300000, 0x00000000eab00000)
  object space 68608K, 22% used [0x00000000c0000000,0x00000000c0ecc1c8,0x00000000c4300000)
 Metaspace       used 35063K, committed 35840K, reserved 1114112K
  class space    used 3426K, committed 3776K, reserved 1048576K
}
Event: 3.284 GC heap before
{Heap before GC invocations=14 (full 2):
 PSYoungGen      total 23552K, used 22522K [0x00000000eab00000, 0x00000000ec580000, 0x0000000100000000)
  eden space 22528K, 99% used [0x00000000eab00000,0x00000000ec0fe930,0x00000000ec100000)
  from space 1024K, 0% used [0x00000000ec200000,0x00000000ec200000,0x00000000ec300000)
  to   space 1536K, 0% used [0x00000000ec400000,0x00000000ec400000,0x00000000ec580000)
 ParOldGen       total 68608K, used 15152K [0x00000000c0000000, 0x00000000c4300000, 0x00000000eab00000)
  object space 68608K, 22% used [0x00000000c0000000,0x00000000c0ecc1c8,0x00000000c4300000)
 Metaspace       used 38313K, committed 39296K, reserved 1114112K
  class space    used 3804K, committed 4224K, reserved 1048576K
}
Event: 3.286 GC heap after
{Heap after GC invocations=14 (full 2):
 PSYoungGen      total 23552K, used 1519K [0x00000000eab00000, 0x00000000ec580000, 0x0000000100000000)
  eden space 22016K, 0% used [0x00000000eab00000,0x00000000eab00000,0x00000000ec080000)
  from space 1536K, 98% used [0x00000000ec400000,0x00000000ec57bd90,0x00000000ec580000)
  to   space 2048K, 0% used [0x00000000ec180000,0x00000000ec180000,0x00000000ec380000)
 ParOldGen       total 68608K, used 15216K [0x00000000c0000000, 0x00000000c4300000, 0x00000000eab00000)
  object space 68608K, 22% used [0x00000000c0000000,0x00000000c0edc1c8,0x00000000c4300000)
 Metaspace       used 38313K, committed 39296K, reserved 1114112K
  class space    used 3804K, committed 4224K, reserved 1048576K
}
Event: 3.490 GC heap before
{Heap before GC invocations=15 (full 2):
 PSYoungGen      total 23552K, used 23535K [0x00000000eab00000, 0x00000000ec580000, 0x0000000100000000)
  eden space 22016K, 100% used [0x00000000eab00000,0x00000000ec080000,0x00000000ec080000)
  from space 1536K, 98% used [0x00000000ec400000,0x00000000ec57bd90,0x00000000ec580000)
  to   space 2048K, 0% used [0x00000000ec180000,0x00000000ec180000,0x00000000ec380000)
 ParOldGen       total 68608K, used 15216K [0x00000000c0000000, 0x00000000c4300000, 0x00000000eab00000)
  object space 68608K, 22% used [0x00000000c0000000,0x00000000c0edc1c8,0x00000000c4300000)
 Metaspace       used 40343K, committed 41280K, reserved 1114112K
  class space    used 4041K, committed 4416K, reserved 1048576K
}
Event: 3.493 GC heap after
{Heap after GC invocations=15 (full 2):
 PSYoungGen      total 23552K, used 1440K [0x00000000eab00000, 0x00000000ec480000, 0x0000000100000000)
  eden space 22016K, 0% used [0x00000000eab00000,0x00000000eab00000,0x00000000ec080000)
  from space 1536K, 93% used [0x00000000ec180000,0x00000000ec2e8130,0x00000000ec300000)
  to   space 1536K, 0% used [0x00000000ec300000,0x00000000ec300000,0x00000000ec480000)
 ParOldGen       total 68608K, used 16678K [0x00000000c0000000, 0x00000000c4300000, 0x00000000eab00000)
  object space 68608K, 24% used [0x00000000c0000000,0x00000000c1049a00,0x00000000c4300000)
 Metaspace       used 40343K, committed 41280K, reserved 1114112K
  class space    used 4041K, committed 4416K, reserved 1048576K
}
Event: 3.697 GC heap before
{Heap before GC invocations=16 (full 2):
 PSYoungGen      total 23552K, used 23456K [0x00000000eab00000, 0x00000000ec480000, 0x0000000100000000)
  eden space 22016K, 99% used [0x00000000eab00000,0x00000000ec07fff0,0x00000000ec080000)
  from space 1536K, 93% used [0x00000000ec180000,0x00000000ec2e8130,0x00000000ec300000)
  to   space 1536K, 0% used [0x00000000ec300000,0x00000000ec300000,0x00000000ec480000)
 ParOldGen       total 68608K, used 16678K [0x00000000c0000000, 0x00000000c4300000, 0x00000000eab00000)
  object space 68608K, 24% used [0x00000000c0000000,0x00000000c1049a00,0x00000000c4300000)
 Metaspace       used 42073K, committed 43072K, reserved 1114112K
  class space    used 4274K, committed 4672K, reserved 1048576K
}
Event: 3.699 GC heap after
{Heap after GC invocations=16 (full 2):
 PSYoungGen      total 23552K, used 1189K [0x00000000eab00000, 0x00000000ec480000, 0x0000000100000000)
  eden space 22016K, 0% used [0x00000000eab00000,0x00000000eab00000,0x00000000ec080000)
  from space 1536K, 77% used [0x00000000ec300000,0x00000000ec4295a0,0x00000000ec480000)
  to   space 1536K, 0% used [0x00000000ec180000,0x00000000ec180000,0x00000000ec300000)
 ParOldGen       total 68608K, used 17206K [0x00000000c0000000, 0x00000000c4300000, 0x00000000eab00000)
  object space 68608K, 25% used [0x00000000c0000000,0x00000000c10cda10,0x00000000c4300000)
 Metaspace       used 42073K, committed 43072K, reserved 1114112K
  class space    used 4274K, committed 4672K, reserved 1048576K
}

