# JRE version: OpenJDK Runtime Environment Temurin-17.0.12+7 (17.0.12+7) (build 17.0.12+7)
# Java VM: OpenJDK 64-Bit Server VM Temurin-17.0.12+7 (17.0.12+7, mixed mode, tiered, compressed oops, compressed class ptrs, parallel gc, windows-amd64)
GC Precious Log:
 CPUs: 16 total, 16 available
 Memory: 16236M
 Large Page Support: Disabled
 NUMA Support: Disabled
 Compressed Oops: Enabled (32-bit)
 Alignments: Space 512K, Generation 512K, Heap 2M
 Heap Min Capacity: 100M
 Heap Initial Capacity: 100M
 Heap Max Capacity: 1G
 Pre-touch: Disabled
 Parallel Workers: 13
Heap:
 PSYoungGen      total 17408K, used 7495K [0x00000000eab00000, 0x00000000ec580000, 0x0000000100000000)
  eden space 11776K, 15% used [0x00000000eab00000,0x00000000eacd3b98,0x00000000eb680000)
  from space 5632K, 99% used [0x00000000eb680000,0x00000000ebbfe3e0,0x00000000ebc00000)
  to   space 7680K, 0% used [0x00000000ebe00000,0x00000000ebe00000,0x00000000ec580000)
 ParOldGen       total 304128K, used 277169K [0x00000000c0000000, 0x00000000d2900000, 0x00000000eab00000)
  object space 304128K, 91% used [0x00000000c0000000,0x00000000d0eac6f8,0x00000000d2900000)
 Metaspace       used 89300K, committed 90880K, reserved 1179648K
  class space    used 9269K, committed 9984K, reserved 1048576K
GC Heap History (20 events):
Event: 6627.603 GC heap after
{Heap after GC invocations=301 (full 15):
 PSYoungGen      total 17408K, used 5133K [0x00000000eab00000, 0x00000000ec180000, 0x0000000100000000)
  eden space 11776K, 0% used [0x00000000eab00000,0x00000000eab00000,0x00000000eb680000)
  from space 5632K, 91% used [0x00000000eb680000,0x00000000ebb83620,0x00000000ebc00000)
  to   space 5632K, 0% used [0x00000000ebc00000,0x00000000ebc00000,0x00000000ec180000)
 ParOldGen       total 304128K, used 270478K [0x00000000c0000000, 0x00000000d2900000, 0x00000000eab00000)
  object space 304128K, 88% used [0x00000000c0000000,0x00000000d08239d0,0x00000000d2900000)
 Metaspace       used 89139K, committed 90688K, reserved 1179648K
  class space    used 9268K, committed 9984K, reserved 1048576K
}
Event: 6627.767 GC heap before
{Heap before GC invocations=302 (full 15):
 PSYoungGen      total 17408K, used 16909K [0x00000000eab00000, 0x00000000ec180000, 0x0000000100000000)
  eden space 11776K, 100% used [0x00000000eab00000,0x00000000eb680000,0x00000000eb680000)
  from space 5632K, 91% used [0x00000000eb680000,0x00000000ebb83620,0x00000000ebc00000)
  to   space 5632K, 0% used [0x00000000ebc00000,0x00000000ebc00000,0x00000000ec180000)
 ParOldGen       total 304128K, used 270478K [0x00000000c0000000, 0x00000000d2900000, 0x00000000eab00000)
  object space 304128K, 88% used [0x00000000c0000000,0x00000000d08239d0,0x00000000d2900000)
 Metaspace       used 89156K, committed 90688K, reserved 1179648K
  class space    used 9268K, committed 9984K, reserved 1048576K
}
Event: 6627.770 GC heap after
{Heap after GC invocations=302 (full 15):
 PSYoungGen      total 16384K, used 4547K [0x00000000eab00000, 0x00000000ec080000, 0x0000000100000000)
  eden space 11776K, 0% used [0x00000000eab00000,0x00000000eab00000,0x00000000eb680000)
  from space 4608K, 98% used [0x00000000ebc00000,0x00000000ec070d30,0x00000000ec080000)
  to   space 5120K, 0% used [0x00000000eb680000,0x00000000eb680000,0x00000000ebb80000)
 ParOldGen       total 304128K, used 270478K [0x00000000c0000000, 0x00000000d2900000, 0x00000000eab00000)
  object space 304128K, 88% used [0x00000000c0000000,0x00000000d08239d0,0x00000000d2900000)
 Metaspace       used 89156K, committed 90688K, reserved 1179648K
  class space    used 9268K, committed 9984K, reserved 1048576K
}
Event: 6629.264 GC heap before
{Heap before GC invocations=303 (full 15):
 PSYoungGen      total 16384K, used 16323K [0x00000000eab00000, 0x00000000ec080000, 0x0000000100000000)
  eden space 11776K, 100% used [0x00000000eab00000,0x00000000eb680000,0x00000000eb680000)
  from space 4608K, 98% used [0x00000000ebc00000,0x00000000ec070d30,0x00000000ec080000)
  to   space 5120K, 0% used [0x00000000eb680000,0x00000000eb680000,0x00000000ebb80000)
 ParOldGen       total 304128K, used 270478K [0x00000000c0000000, 0x00000000d2900000, 0x00000000eab00000)
  object space 304128K, 88% used [0x00000000c0000000,0x00000000d08239d0,0x00000000d2900000)
 Metaspace       used 89166K, committed 90688K, reserved 1179648K
  class space    used 9268K, committed 9984K, reserved 1048576K
}
Event: 6629.268 GC heap after
{Heap after GC invocations=303 (full 15):
 PSYoungGen      total 16896K, used 5092K [0x00000000eab00000, 0x00000000ec680000, 0x0000000100000000)
  eden space 11776K, 0% used [0x00000000eab00000,0x00000000eab00000,0x00000000eb680000)
  from space 5120K, 99% used [0x00000000eb680000,0x00000000ebb79120,0x00000000ebb80000)
  to   space 8192K, 0% used [0x00000000ebe80000,0x00000000ebe80000,0x00000000ec680000)
 ParOldGen       total 304128K, used 272854K [0x00000000c0000000, 0x00000000d2900000, 0x00000000eab00000)
  object space 304128K, 89% used [0x00000000c0000000,0x00000000d0a759d0,0x00000000d2900000)
 Metaspace       used 89166K, committed 90688K, reserved 1179648K
  class space    used 9268K, committed 9984K, reserved 1048576K
}
Event: 6629.303 GC heap before
{Heap before GC invocations=304 (full 15):
 PSYoungGen      total 16896K, used 16868K [0x00000000eab00000, 0x00000000ec680000, 0x0000000100000000)
  eden space 11776K, 100% used [0x00000000eab00000,0x00000000eb680000,0x00000000eb680000)
  from space 5120K, 99% used [0x00000000eb680000,0x00000000ebb79120,0x00000000ebb80000)
  to   space 8192K, 0% used [0x00000000ebe80000,0x00000000ebe80000,0x00000000ec680000)
 ParOldGen       total 304128K, used 272854K [0x00000000c0000000, 0x00000000d2900000, 0x00000000eab00000)
  object space 304128K, 89% used [0x00000000c0000000,0x00000000d0a759d0,0x00000000d2900000)
 Metaspace       used 89169K, committed 90688K, reserved 1179648K
  class space    used 9268K, committed 9984K, reserved 1048576K
}
Event: 6629.306 GC heap after
{Heap after GC invocations=304 (full 15):
 PSYoungGen      total 18432K, used 6307K [0x00000000eab00000, 0x00000000ec500000, 0x0000000100000000)
  eden space 11776K, 0% used [0x00000000eab00000,0x00000000eab00000,0x00000000eb680000)
  from space 6656K, 94% used [0x00000000ebe80000,0x00000000ec4a8cb0,0x00000000ec500000)
  to   space 7168K, 0% used [0x00000000eb700000,0x00000000eb700000,0x00000000ebe00000)
 ParOldGen       total 304128K, used 273173K [0x00000000c0000000, 0x00000000d2900000, 0x00000000eab00000)
  object space 304128K, 89% used [0x00000000c0000000,0x00000000d0ac5478,0x00000000d2900000)
 Metaspace       used 89169K, committed 90688K, reserved 1179648K
  class space    used 9268K, committed 9984K, reserved 1048576K
}
Event: 6629.342 GC heap before
{Heap before GC invocations=305 (full 15):
 PSYoungGen      total 18432K, used 18083K [0x00000000eab00000, 0x00000000ec500000, 0x0000000100000000)
  eden space 11776K, 100% used [0x00000000eab00000,0x00000000eb680000,0x00000000eb680000)
  from space 6656K, 94% used [0x00000000ebe80000,0x00000000ec4a8cb0,0x00000000ec500000)
  to   space 7168K, 0% used [0x00000000eb700000,0x00000000eb700000,0x00000000ebe00000)
 ParOldGen       total 304128K, used 273173K [0x00000000c0000000, 0x00000000d2900000, 0x00000000eab00000)
  object space 304128K, 89% used [0x00000000c0000000,0x00000000d0ac5478,0x00000000d2900000)
 Metaspace       used 89176K, committed 90688K, reserved 1179648K
  class space    used 9268K, committed 9984K, reserved 1048576K
}
Event: 6629.344 GC heap after
{Heap after GC invocations=305 (full 15):
 PSYoungGen      total 18432K, used 6260K [0x00000000eab00000, 0x00000000ec380000, 0x0000000100000000)
  eden space 11776K, 0% used [0x00000000eab00000,0x00000000eab00000,0x00000000eb680000)
  from space 6656K, 94% used [0x00000000eb700000,0x00000000ebd1d090,0x00000000ebd80000)
  to   space 6144K, 0% used [0x00000000ebd80000,0x00000000ebd80000,0x00000000ec380000)
 ParOldGen       total 304128K, used 273173K [0x00000000c0000000, 0x00000000d2900000, 0x00000000eab00000)
  object space 304128K, 89% used [0x00000000c0000000,0x00000000d0ac5478,0x00000000d2900000)
 Metaspace       used 89176K, committed 90688K, reserved 1179648K
  class space    used 9268K, committed 9984K, reserved 1048576K
}
Event: 6629.367 GC heap before
{Heap before GC invocations=306 (full 15):
 PSYoungGen      total 18432K, used 18036K [0x00000000eab00000, 0x00000000ec380000, 0x0000000100000000)
  eden space 11776K, 100% used [0x00000000eab00000,0x00000000eb680000,0x00000000eb680000)
  from space 6656K, 94% used [0x00000000eb700000,0x00000000ebd1d090,0x00000000ebd80000)
  to   space 6144K, 0% used [0x00000000ebd80000,0x00000000ebd80000,0x00000000ec380000)
 ParOldGen       total 304128K, used 273173K [0x00000000c0000000, 0x00000000d2900000, 0x00000000eab00000)
  object space 304128K, 89% used [0x00000000c0000000,0x00000000d0ac5478,0x00000000d2900000)
 Metaspace       used 89178K, committed 90688K, reserved 1179648K
  class space    used 9268K, committed 9984K, reserved 1048576K
}
Event: 6629.369 GC heap after
{Heap after GC invocations=306 (full 15):
 PSYoungGen      total 17920K, used 6003K [0x00000000eab00000, 0x00000000ec380000, 0x0000000100000000)
  eden space 11776K, 0% used [0x00000000eab00000,0x00000000eab00000,0x00000000eb680000)
  from space 6144K, 97% used [0x00000000ebd80000,0x00000000ec35ccc0,0x00000000ec380000)
  to   space 6144K, 0% used [0x00000000eb780000,0x00000000eb780000,0x00000000ebd80000)
 ParOldGen       total 304128K, used 273173K [0x00000000c0000000, 0x00000000d2900000, 0x00000000eab00000)
  object space 304128K, 89% used [0x00000000c0000000,0x00000000d0ac5478,0x00000000d2900000)
 Metaspace       used 89178K, committed 90688K, reserved 1179648K
  class space    used 9268K, committed 9984K, reserved 1048576K
}
Event: 6629.400 GC heap before
{Heap before GC invocations=307 (full 15):
 PSYoungGen      total 17920K, used 17779K [0x00000000eab00000, 0x00000000ec380000, 0x0000000100000000)
  eden space 11776K, 99% used [0x00000000eab00000,0x00000000eb67fff8,0x00000000eb680000)
  from space 6144K, 97% used [0x00000000ebd80000,0x00000000ec35ccc0,0x00000000ec380000)
  to   space 6144K, 0% used [0x00000000eb780000,0x00000000eb780000,0x00000000ebd80000)
 ParOldGen       total 304128K, used 273173K [0x00000000c0000000, 0x00000000d2900000, 0x00000000eab00000)
  object space 304128K, 89% used [0x00000000c0000000,0x00000000d0ac5478,0x00000000d2900000)
 Metaspace       used 89190K, committed 90688K, reserved 1179648K
  class space    used 9268K, committed 9984K, reserved 1048576K
}
Event: 6629.402 GC heap after
{Heap after GC invocations=307 (full 15):
 PSYoungGen      total 16896K, used 5059K [0x00000000eab00000, 0x00000000ec180000, 0x0000000100000000)
  eden space 11776K, 0% used [0x00000000eab00000,0x00000000eab00000,0x00000000eb680000)
  from space 5120K, 98% used [0x00000000eb780000,0x00000000ebc70cd0,0x00000000ebc80000)
  to   space 5120K, 0% used [0x00000000ebc80000,0x00000000ebc80000,0x00000000ec180000)
 ParOldGen       total 304128K, used 273437K [0x00000000c0000000, 0x00000000d2900000, 0x00000000eab00000)
  object space 304128K, 89% used [0x00000000c0000000,0x00000000d0b07488,0x00000000d2900000)
 Metaspace       used 89190K, committed 90688K, reserved 1179648K
  class space    used 9268K, committed 9984K, reserved 1048576K
}
Event: 6629.423 GC heap before
{Heap before GC invocations=308 (full 15):
 PSYoungGen      total 16896K, used 16835K [0x00000000eab00000, 0x00000000ec180000, 0x0000000100000000)
  eden space 11776K, 100% used [0x00000000eab00000,0x00000000eb680000,0x00000000eb680000)
  from space 5120K, 98% used [0x00000000eb780000,0x00000000ebc70cd0,0x00000000ebc80000)
  to   space 5120K, 0% used [0x00000000ebc80000,0x00000000ebc80000,0x00000000ec180000)
 ParOldGen       total 304128K, used 273437K [0x00000000c0000000, 0x00000000d2900000, 0x00000000eab00000)
  object space 304128K, 89% used [0x00000000c0000000,0x00000000d0b07488,0x00000000d2900000)
 Metaspace       used 89193K, committed 90752K, reserved 1179648K
  class space    used 9268K, committed 9984K, reserved 1048576K
}
Event: 6629.426 GC heap after
{Heap after GC invocations=308 (full 15):
 PSYoungGen      total 16896K, used 5091K [0x00000000eab00000, 0x00000000ec180000, 0x0000000100000000)
  eden space 11776K, 0% used [0x00000000eab00000,0x00000000eab00000,0x00000000eb680000)
  from space 5120K, 99% used [0x00000000ebc80000,0x00000000ec178ca0,0x00000000ec180000)
  to   space 5632K, 0% used [0x00000000eb680000,0x00000000eb680000,0x00000000ebc00000)
 ParOldGen       total 304128K, used 273761K [0x00000000c0000000, 0x00000000d2900000, 0x00000000eab00000)
  object space 304128K, 90% used [0x00000000c0000000,0x00000000d0b584a8,0x00000000d2900000)
 Metaspace       used 89193K, committed 90752K, reserved 1179648K
  class space    used 9268K, committed 9984K, reserved 1048576K
}
Event: 6630.928 GC heap before
{Heap before GC invocations=309 (full 15):
 PSYoungGen      total 16896K, used 16867K [0x00000000eab00000, 0x00000000ec180000, 0x0000000100000000)
  eden space 11776K, 100% used [0x00000000eab00000,0x00000000eb680000,0x00000000eb680000)
  from space 5120K, 99% used [0x00000000ebc80000,0x00000000ec178ca0,0x00000000ec180000)
  to   space 5632K, 0% used [0x00000000eb680000,0x00000000eb680000,0x00000000ebc00000)
 ParOldGen       total 304128K, used 273761K [0x00000000c0000000, 0x00000000d2900000, 0x00000000eab00000)
  object space 304128K, 90% used [0x00000000c0000000,0x00000000d0b584a8,0x00000000d2900000)
 Metaspace       used 89212K, committed 90752K, reserved 1179648K
  class space    used 9268K, committed 9984K, reserved 1048576K
}
Event: 6630.932 GC heap after
{Heap after GC invocations=309 (full 15):
 PSYoungGen      total 17408K, used 5505K [0x00000000eab00000, 0x00000000ec180000, 0x0000000100000000)
  eden space 11776K, 0% used [0x00000000eab00000,0x00000000eab00000,0x00000000eb680000)
  from space 5632K, 97% used [0x00000000eb680000,0x00000000ebbe04d8,0x00000000ebc00000)
  to   space 5632K, 0% used [0x00000000ebc00000,0x00000000ebc00000,0x00000000ec180000)
 ParOldGen       total 304128K, used 274697K [0x00000000c0000000, 0x00000000d2900000, 0x00000000eab00000)
  object space 304128K, 90% used [0x00000000c0000000,0x00000000d0c42718,0x00000000d2900000)
 Metaspace       used 89212K, committed 90752K, reserved 1179648K
  class space    used 9268K, committed 9984K, reserved 1048576K
}
Event: 6631.362 GC heap before
{Heap before GC invocations=310 (full 15):
 PSYoungGen      total 17408K, used 17281K [0x00000000eab00000, 0x00000000ec180000, 0x0000000100000000)
  eden space 11776K, 100% used [0x00000000eab00000,0x00000000eb680000,0x00000000eb680000)
  from space 5632K, 97% used [0x00000000eb680000,0x00000000ebbe04d8,0x00000000ebc00000)
  to   space 5632K, 0% used [0x00000000ebc00000,0x00000000ebc00000,0x00000000ec180000)
 ParOldGen       total 304128K, used 274697K [0x00000000c0000000, 0x00000000d2900000, 0x00000000eab00000)
  object space 304128K, 90% used [0x00000000c0000000,0x00000000d0c42718,0x00000000d2900000)
 Metaspace       used 89281K, committed 90880K, reserved 1179648K
  class space    used 9269K, committed 9984K, reserved 1048576K
}
Event: 6633.365 GC heap after
{Heap after GC invocations=310 (full 15):
 PSYoungGen      total 17408K, used 5619K [0x00000000eab00000, 0x00000000ec180000, 0x0000000100000000)
  eden space 11776K, 0% used [0x00000000eab00000,0x00000000eab00000,0x00000000eb680000)
  from space 5632K, 99% used [0x00000000ebc00000,0x00000000ec17cce0,0x00000000ec180000)
  to   space 5632K, 0% used [0x00000000eb680000,0x00000000eb680000,0x00000000ebc00000)
 ParOldGen       total 304128K, used 275736K [0x00000000c0000000, 0x00000000d2900000, 0x00000000eab00000)
  object space 304128K, 90% used [0x00000000c0000000,0x00000000d0d46228,0x00000000d2900000)
 Metaspace       used 89281K, committed 90880K, reserved 1179648K
  class space    used 9269K, committed 9984K, reserved 1048576K
}
Event: 6633.384 GC heap before
{Heap before GC invocations=311 (full 15):
 PSYoungGen      total 17408K, used 17395K [0x00000000eab00000, 0x00000000ec180000, 0x0000000100000000)
  eden space 11776K, 100% used [0x00000000eab00000,0x00000000eb680000,0x00000000eb680000)
  from space 5632K, 99% used [0x00000000ebc00000,0x00000000ec17cce0,0x00000000ec180000)
  to   space 5632K, 0% used [0x00000000eb680000,0x00000000eb680000,0x00000000ebc00000)
 ParOldGen       total 304128K, used 275736K [0x00000000c0000000, 0x00000000d2900000, 0x00000000eab00000)
  object space 304128K, 90% used [0x00000000c0000000,0x00000000d0d46228,0x00000000d2900000)
 Metaspace       used 89295K, committed 90880K, reserved 1179648K
  class space    used 9269K, committed 9984K, reserved 1048576K
}

