# JRE version: OpenJDK Runtime Environment Temurin-17.0.12+7 (17.0.12+7) (build 17.0.12+7)
# Java VM: OpenJDK 64-Bit Server VM Temurin-17.0.12+7 (17.0.12+7, mixed mode, tiered, compressed oops, compressed class ptrs, parallel gc, windows-amd64)
GC Precious Log:
 CPUs: 16 total, 16 available
 Memory: 16236M
 Large Page Support: Disabled
 NUMA Support: Disabled
 Compressed Oops: Enabled (32-bit)
 Alignments: Space 512K, Generation 512K, Heap 2M
 Heap Min Capacity: 100M
 Heap Initial Capacity: 100M
 Heap Max Capacity: 1G
 Pre-touch: Disabled
 Parallel Workers: 13
Heap:
 PSYoungGen      total 23552K, used 16702K [0x00000000eab00000, 0x00000000ec680000, 0x0000000100000000)
  eden space 22016K, 69% used [0x00000000eab00000,0x00000000eba06650,0x00000000ec080000)
  from space 1536K, 85% used [0x00000000ec500000,0x00000000ec6495a0,0x00000000ec680000)
  to   space 1536K, 0% used [0x00000000ec380000,0x00000000ec380000,0x00000000ec500000)
 ParOldGen       total 68608K, used 17033K [0x00000000c0000000, 0x00000000c4300000, 0x00000000eab00000)
  object space 68608K, 24% used [0x00000000c0000000,0x00000000c10a27d0,0x00000000c4300000)
 Metaspace       used 43918K, committed 44864K, reserved 1114112K
  class space    used 4497K, committed 4928K, reserved 1048576K
GC Heap History (20 events):
Event: 2.679 GC heap before
{Heap before GC invocations=7 (full 1):
 PSYoungGen      total 29696K, used 25600K [0x00000000eab00000, 0x00000000ece00000, 0x0000000100000000)
  eden space 25600K, 100% used [0x00000000eab00000,0x00000000ec400000,0x00000000ec400000)
  from space 4096K, 0% used [0x00000000ec400000,0x00000000ec400000,0x00000000ec800000)
  to   space 5120K, 0% used [0x00000000ec900000,0x00000000ec900000,0x00000000ece00000)
 ParOldGen       total 68608K, used 10647K [0x00000000c0000000, 0x00000000c4300000, 0x00000000eab00000)
  object space 68608K, 15% used [0x00000000c0000000,0x00000000c0a65c30,0x00000000c4300000)
 Metaspace       used 24846K, committed 25408K, reserved 1114112K
  class space    used 2505K, committed 2752K, reserved 1048576K
}
Event: 2.681 GC heap after
{Heap after GC invocations=7 (full 1):
 PSYoungGen      total 26624K, used 1219K [0x00000000eab00000, 0x00000000eca80000, 0x0000000100000000)
  eden space 25088K, 0% used [0x00000000eab00000,0x00000000eab00000,0x00000000ec380000)
  from space 1536K, 79% used [0x00000000ec900000,0x00000000eca30e70,0x00000000eca80000)
  to   space 2560K, 0% used [0x00000000ec580000,0x00000000ec580000,0x00000000ec800000)
 ParOldGen       total 68608K, used 10655K [0x00000000c0000000, 0x00000000c4300000, 0x00000000eab00000)
  object space 68608K, 15% used [0x00000000c0000000,0x00000000c0a67c30,0x00000000c4300000)
 Metaspace       used 24846K, committed 25408K, reserved 1114112K
  class space    used 2505K, committed 2752K, reserved 1048576K
}
Event: 2.956 GC heap before
{Heap before GC invocations=8 (full 1):
 PSYoungGen      total 26624K, used 26307K [0x00000000eab00000, 0x00000000eca80000, 0x0000000100000000)
  eden space 25088K, 100% used [0x00000000eab00000,0x00000000ec380000,0x00000000ec380000)
  from space 1536K, 79% used [0x00000000ec900000,0x00000000eca30e70,0x00000000eca80000)
  to   space 2560K, 0% used [0x00000000ec580000,0x00000000ec580000,0x00000000ec800000)
 ParOldGen       total 68608K, used 10655K [0x00000000c0000000, 0x00000000c4300000, 0x00000000eab00000)
  object space 68608K, 15% used [0x00000000c0000000,0x00000000c0a67c30,0x00000000c4300000)
 Metaspace       used 27526K, committed 28160K, reserved 1114112K
  class space    used 2826K, committed 3072K, reserved 1048576K
}
Event: 2.958 GC heap after
{Heap after GC invocations=8 (full 1):
 PSYoungGen      total 27136K, used 2541K [0x00000000eab00000, 0x00000000ec980000, 0x0000000100000000)
  eden space 24576K, 0% used [0x00000000eab00000,0x00000000eab00000,0x00000000ec300000)
  from space 2560K, 99% used [0x00000000ec580000,0x00000000ec7fb778,0x00000000ec800000)
  to   space 1536K, 0% used [0x00000000ec800000,0x00000000ec800000,0x00000000ec980000)
 ParOldGen       total 68608K, used 10879K [0x00000000c0000000, 0x00000000c4300000, 0x00000000eab00000)
  object space 68608K, 15% used [0x00000000c0000000,0x00000000c0a9fc30,0x00000000c4300000)
 Metaspace       used 27526K, committed 28160K, reserved 1114112K
  class space    used 2826K, committed 3072K, reserved 1048576K
}
Event: 3.169 GC heap before
{Heap before GC invocations=9 (full 1):
 PSYoungGen      total 27136K, used 27117K [0x00000000eab00000, 0x00000000ec980000, 0x0000000100000000)
  eden space 24576K, 100% used [0x00000000eab00000,0x00000000ec300000,0x00000000ec300000)
  from space 2560K, 99% used [0x00000000ec580000,0x00000000ec7fb778,0x00000000ec800000)
  to   space 1536K, 0% used [0x00000000ec800000,0x00000000ec800000,0x00000000ec980000)
 ParOldGen       total 68608K, used 10879K [0x00000000c0000000, 0x00000000c4300000, 0x00000000eab00000)
  object space 68608K, 15% used [0x00000000c0000000,0x00000000c0a9fc30,0x00000000c4300000)
 Metaspace       used 29710K, committed 30464K, reserved 1114112K
  class space    used 3031K, committed 3392K, reserved 1048576K
}
Event: 3.171 GC heap after
{Heap after GC invocations=9 (full 1):
 PSYoungGen      total 25600K, used 1519K [0x00000000eab00000, 0x00000000ecd80000, 0x0000000100000000)
  eden space 24064K, 0% used [0x00000000eab00000,0x00000000eab00000,0x00000000ec280000)
  from space 1536K, 98% used [0x00000000ec800000,0x00000000ec97bea8,0x00000000ec980000)
  to   space 5632K, 0% used [0x00000000ec280000,0x00000000ec280000,0x00000000ec800000)
 ParOldGen       total 68608K, used 14428K [0x00000000c0000000, 0x00000000c4300000, 0x00000000eab00000)
  object space 68608K, 21% used [0x00000000c0000000,0x00000000c0e17110,0x00000000c4300000)
 Metaspace       used 29710K, committed 30464K, reserved 1114112K
  class space    used 3031K, committed 3392K, reserved 1048576K
}
Event: 3.315 GC heap before
{Heap before GC invocations=10 (full 1):
 PSYoungGen      total 25600K, used 25465K [0x00000000eab00000, 0x00000000ecd80000, 0x0000000100000000)
  eden space 24064K, 99% used [0x00000000eab00000,0x00000000ec262770,0x00000000ec280000)
  from space 1536K, 98% used [0x00000000ec800000,0x00000000ec97bea8,0x00000000ec980000)
  to   space 5632K, 0% used [0x00000000ec280000,0x00000000ec280000,0x00000000ec800000)
 ParOldGen       total 68608K, used 14428K [0x00000000c0000000, 0x00000000c4300000, 0x00000000eab00000)
  object space 68608K, 21% used [0x00000000c0000000,0x00000000c0e17110,0x00000000c4300000)
 Metaspace       used 32929K, committed 33728K, reserved 1114112K
  class space    used 3271K, committed 3648K, reserved 1048576K
}
Event: 3.317 GC heap after
{Heap after GC invocations=10 (full 1):
 PSYoungGen      total 28160K, used 4334K [0x00000000eab00000, 0x00000000ecb00000, 0x0000000100000000)
  eden space 23552K, 0% used [0x00000000eab00000,0x00000000eab00000,0x00000000ec200000)
  from space 4608K, 94% used [0x00000000ec280000,0x00000000ec6bb850,0x00000000ec700000)
  to   space 4096K, 0% used [0x00000000ec700000,0x00000000ec700000,0x00000000ecb00000)
 ParOldGen       total 68608K, used 14749K [0x00000000c0000000, 0x00000000c4300000, 0x00000000eab00000)
  object space 68608K, 21% used [0x00000000c0000000,0x00000000c0e67528,0x00000000c4300000)
 Metaspace       used 32929K, committed 33728K, reserved 1114112K
  class space    used 3271K, committed 3648K, reserved 1048576K
}
Event: 3.441 GC heap before
{Heap before GC invocations=11 (full 1):
 PSYoungGen      total 28160K, used 27850K [0x00000000eab00000, 0x00000000ecb00000, 0x0000000100000000)
  eden space 23552K, 99% used [0x00000000eab00000,0x00000000ec1f7260,0x00000000ec200000)
  from space 4608K, 94% used [0x00000000ec280000,0x00000000ec6bb850,0x00000000ec700000)
  to   space 4096K, 0% used [0x00000000ec700000,0x00000000ec700000,0x00000000ecb00000)
 ParOldGen       total 68608K, used 14749K [0x00000000c0000000, 0x00000000c4300000, 0x00000000eab00000)
  object space 68608K, 21% used [0x00000000c0000000,0x00000000c0e67528,0x00000000c4300000)
 Metaspace       used 34924K, committed 35648K, reserved 1114112K
  class space    used 3415K, committed 3712K, reserved 1048576K
}
Event: 3.443 GC heap after
{Heap after GC invocations=11 (full 1):
 PSYoungGen      total 26112K, used 2964K [0x00000000eab00000, 0x00000000eca00000, 0x0000000100000000)
  eden space 23040K, 0% used [0x00000000eab00000,0x00000000eab00000,0x00000000ec180000)
  from space 3072K, 96% used [0x00000000ec700000,0x00000000ec9e50c8,0x00000000eca00000)
  to   space 3584K, 0% used [0x00000000ec300000,0x00000000ec300000,0x00000000ec680000)
 ParOldGen       total 68608K, used 15726K [0x00000000c0000000, 0x00000000c4300000, 0x00000000eab00000)
  object space 68608K, 22% used [0x00000000c0000000,0x00000000c0f5bbd8,0x00000000c4300000)
 Metaspace       used 34924K, committed 35648K, reserved 1114112K
  class space    used 3415K, committed 3712K, reserved 1048576K
}
Event: 3.458 GC heap before
{Heap before GC invocations=12 (full 1):
 PSYoungGen      total 26112K, used 4427K [0x00000000eab00000, 0x00000000eca00000, 0x0000000100000000)
  eden space 23040K, 6% used [0x00000000eab00000,0x00000000eac6dc40,0x00000000ec180000)
  from space 3072K, 96% used [0x00000000ec700000,0x00000000ec9e50c8,0x00000000eca00000)
  to   space 3584K, 0% used [0x00000000ec300000,0x00000000ec300000,0x00000000ec680000)
 ParOldGen       total 68608K, used 15726K [0x00000000c0000000, 0x00000000c4300000, 0x00000000eab00000)
  object space 68608K, 22% used [0x00000000c0000000,0x00000000c0f5bbd8,0x00000000c4300000)
 Metaspace       used 35110K, committed 35840K, reserved 1114112K
  class space    used 3432K, committed 3712K, reserved 1048576K
}
Event: 3.459 GC heap after
{Heap after GC invocations=12 (full 1):
 PSYoungGen      total 23552K, used 352K [0x00000000eab00000, 0x00000000ec780000, 0x0000000100000000)
  eden space 23040K, 0% used [0x00000000eab00000,0x00000000eab00000,0x00000000ec180000)
  from space 512K, 68% used [0x00000000ec300000,0x00000000ec358000,0x00000000ec380000)
  to   space 1536K, 0% used [0x00000000ec600000,0x00000000ec600000,0x00000000ec780000)
 ParOldGen       total 68608K, used 18428K [0x00000000c0000000, 0x00000000c4300000, 0x00000000eab00000)
  object space 68608K, 26% used [0x00000000c0000000,0x00000000c11ff3c0,0x00000000c4300000)
 Metaspace       used 35110K, committed 35840K, reserved 1114112K
  class space    used 3432K, committed 3712K, reserved 1048576K
}
Event: 3.459 GC heap before
{Heap before GC invocations=13 (full 2):
 PSYoungGen      total 23552K, used 352K [0x00000000eab00000, 0x00000000ec780000, 0x0000000100000000)
  eden space 23040K, 0% used [0x00000000eab00000,0x00000000eab00000,0x00000000ec180000)
  from space 512K, 68% used [0x00000000ec300000,0x00000000ec358000,0x00000000ec380000)
  to   space 1536K, 0% used [0x00000000ec600000,0x00000000ec600000,0x00000000ec780000)
 ParOldGen       total 68608K, used 18428K [0x00000000c0000000, 0x00000000c4300000, 0x00000000eab00000)
  object space 68608K, 26% used [0x00000000c0000000,0x00000000c11ff3c0,0x00000000c4300000)
 Metaspace       used 35110K, committed 35840K, reserved 1114112K
  class space    used 3432K, committed 3712K, reserved 1048576K
}
Event: 3.477 GC heap after
{Heap after GC invocations=13 (full 2):
 PSYoungGen      total 23552K, used 0K [0x00000000eab00000, 0x00000000ec780000, 0x0000000100000000)
  eden space 23040K, 0% used [0x00000000eab00000,0x00000000eab00000,0x00000000ec180000)
  from space 512K, 0% used [0x00000000ec300000,0x00000000ec300000,0x00000000ec380000)
  to   space 1536K, 0% used [0x00000000ec600000,0x00000000ec600000,0x00000000ec780000)
 ParOldGen       total 68608K, used 14969K [0x00000000c0000000, 0x00000000c4300000, 0x00000000eab00000)
  object space 68608K, 21% used [0x00000000c0000000,0x00000000c0e9e6b0,0x00000000c4300000)
 Metaspace       used 35097K, committed 35840K, reserved 1114112K
  class space    used 3428K, committed 3712K, reserved 1048576K
}
Event: 3.772 GC heap before
{Heap before GC invocations=14 (full 2):
 PSYoungGen      total 23552K, used 23040K [0x00000000eab00000, 0x00000000ec780000, 0x0000000100000000)
  eden space 23040K, 100% used [0x00000000eab00000,0x00000000ec180000,0x00000000ec180000)
  from space 512K, 0% used [0x00000000ec300000,0x00000000ec300000,0x00000000ec380000)
  to   space 1536K, 0% used [0x00000000ec600000,0x00000000ec600000,0x00000000ec780000)
 ParOldGen       total 68608K, used 14969K [0x00000000c0000000, 0x00000000c4300000, 0x00000000eab00000)
  object space 68608K, 21% used [0x00000000c0000000,0x00000000c0e9e6b0,0x00000000c4300000)
 Metaspace       used 38308K, committed 39296K, reserved 1114112K
  class space    used 3803K, committed 4224K, reserved 1048576K
}
Event: 3.773 GC heap after
{Heap after GC invocations=14 (full 2):
 PSYoungGen      total 24064K, used 1523K [0x00000000eab00000, 0x00000000ec780000, 0x0000000100000000)
  eden space 22528K, 0% used [0x00000000eab00000,0x00000000eab00000,0x00000000ec100000)
  from space 1536K, 99% used [0x00000000ec600000,0x00000000ec77ccb8,0x00000000ec780000)
  to   space 2048K, 0% used [0x00000000ec380000,0x00000000ec380000,0x00000000ec580000)
 ParOldGen       total 68608K, used 15009K [0x00000000c0000000, 0x00000000c4300000, 0x00000000eab00000)
  object space 68608K, 21% used [0x00000000c0000000,0x00000000c0ea86b0,0x00000000c4300000)
 Metaspace       used 38308K, committed 39296K, reserved 1114112K
  class space    used 3803K, committed 4224K, reserved 1048576K
}
Event: 3.996 GC heap before
{Heap before GC invocations=15 (full 2):
 PSYoungGen      total 24064K, used 24051K [0x00000000eab00000, 0x00000000ec780000, 0x0000000100000000)
  eden space 22528K, 100% used [0x00000000eab00000,0x00000000ec100000,0x00000000ec100000)
  from space 1536K, 99% used [0x00000000ec600000,0x00000000ec77ccb8,0x00000000ec780000)
  to   space 2048K, 0% used [0x00000000ec380000,0x00000000ec380000,0x00000000ec580000)
 ParOldGen       total 68608K, used 15009K [0x00000000c0000000, 0x00000000c4300000, 0x00000000eab00000)
  object space 68608K, 21% used [0x00000000c0000000,0x00000000c0ea86b0,0x00000000c4300000)
 Metaspace       used 40382K, committed 41344K, reserved 1114112K
  class space    used 4048K, committed 4416K, reserved 1048576K
}
Event: 3.999 GC heap after
{Heap after GC invocations=15 (full 2):
 PSYoungGen      total 23552K, used 1488K [0x00000000eab00000, 0x00000000ec680000, 0x0000000100000000)
  eden space 22016K, 0% used [0x00000000eab00000,0x00000000eab00000,0x00000000ec080000)
  from space 1536K, 96% used [0x00000000ec380000,0x00000000ec4f4120,0x00000000ec500000)
  to   space 1536K, 0% used [0x00000000ec500000,0x00000000ec500000,0x00000000ec680000)
 ParOldGen       total 68608K, used 16497K [0x00000000c0000000, 0x00000000c4300000, 0x00000000eab00000)
  object space 68608K, 24% used [0x00000000c0000000,0x00000000c101c7c0,0x00000000c4300000)
 Metaspace       used 40382K, committed 41344K, reserved 1114112K
  class space    used 4048K, committed 4416K, reserved 1048576K
}
Event: 4.274 GC heap before
{Heap before GC invocations=16 (full 2):
 PSYoungGen      total 23552K, used 23504K [0x00000000eab00000, 0x00000000ec680000, 0x0000000100000000)
  eden space 22016K, 100% used [0x00000000eab00000,0x00000000ec080000,0x00000000ec080000)
  from space 1536K, 96% used [0x00000000ec380000,0x00000000ec4f4120,0x00000000ec500000)
  to   space 1536K, 0% used [0x00000000ec500000,0x00000000ec500000,0x00000000ec680000)
 ParOldGen       total 68608K, used 16497K [0x00000000c0000000, 0x00000000c4300000, 0x00000000eab00000)
  object space 68608K, 24% used [0x00000000c0000000,0x00000000c101c7c0,0x00000000c4300000)
 Metaspace       used 42137K, committed 43136K, reserved 1114112K
  class space    used 4283K, committed 4672K, reserved 1048576K
}
Event: 4.275 GC heap after
{Heap after GC invocations=16 (full 2):
 PSYoungGen      total 23552K, used 1317K [0x00000000eab00000, 0x00000000ec680000, 0x0000000100000000)
  eden space 22016K, 0% used [0x00000000eab00000,0x00000000eab00000,0x00000000ec080000)
  from space 1536K, 85% used [0x00000000ec500000,0x00000000ec6495a0,0x00000000ec680000)
  to   space 1536K, 0% used [0x00000000ec380000,0x00000000ec380000,0x00000000ec500000)
 ParOldGen       total 68608K, used 17033K [0x00000000c0000000, 0x00000000c4300000, 0x00000000eab00000)
  object space 68608K, 24% used [0x00000000c0000000,0x00000000c10a27d0,0x00000000c4300000)
 Metaspace       used 42137K, committed 43136K, reserved 1114112K
  class space    used 4283K, committed 4672K, reserved 1048576K
}

