# JRE version: OpenJDK Runtime Environment Temurin-17.0.12+7 (17.0.12+7) (build 17.0.12+7)
# Java VM: OpenJDK 64-Bit Server VM Temurin-17.0.12+7 (17.0.12+7, mixed mode, tiered, compressed oops, compressed class ptrs, parallel gc, windows-amd64)
GC Precious Log:
 CPUs: 16 total, 16 available
 Memory: 16236M
 Large Page Support: Disabled
 NUMA Support: Disabled
 Compressed Oops: Enabled (32-bit)
 Alignments: Space 512K, Generation 512K, Heap 2M
 Heap Min Capacity: 100M
 Heap Initial Capacity: 100M
 Heap Max Capacity: 1G
 Pre-touch: Disabled
 Parallel Workers: 13
Heap:
 PSYoungGen      total 11776K, used 2042K [0x00000000eab00000, 0x00000000eb900000, 0x0000000100000000)
  eden space 9728K, 0% used [0x00000000eab00000,0x00000000eab00000,0x00000000eb480000)
  from space 2048K, 99% used [0x00000000eb480000,0x00000000eb67e970,0x00000000eb680000)
  to   space 2560K, 0% used [0x00000000eb680000,0x00000000eb680000,0x00000000eb900000)
 ParOldGen       total 200192K, used 198139K [0x00000000c0000000, 0x00000000cc380000, 0x00000000eab00000)
  object space 200192K, 98% used [0x00000000c0000000,0x00000000cc17eea8,0x00000000cc380000)
 Metaspace       used 64378K, committed 65664K, reserved 1114112K
  class space    used 6856K, committed 7424K, reserved 1048576K
GC Heap History (20 events):
Event: 10.423 GC heap after
{Heap after GC invocations=116 (full 8):
 PSYoungGen      total 12800K, used 4093K [0x00000000eab00000, 0x00000000ebf80000, 0x0000000100000000)
  eden space 8704K, 0% used [0x00000000eab00000,0x00000000eab00000,0x00000000eb380000)
  from space 4096K, 99% used [0x00000000eb400000,0x00000000eb7ff650,0x00000000eb800000)
  to   space 6144K, 0% used [0x00000000eb980000,0x00000000eb980000,0x00000000ebf80000)
 ParOldGen       total 200192K, used 179371K [0x00000000c0000000, 0x00000000cc380000, 0x00000000eab00000)
  object space 200192K, 89% used [0x00000000c0000000,0x00000000caf2ad58,0x00000000cc380000)
 Metaspace       used 64276K, committed 65536K, reserved 1114112K
  class space    used 6847K, committed 7424K, reserved 1048576K
}
Event: 10.461 GC heap before
{Heap before GC invocations=117 (full 8):
 PSYoungGen      total 12800K, used 12797K [0x00000000eab00000, 0x00000000ebf80000, 0x0000000100000000)
  eden space 8704K, 100% used [0x00000000eab00000,0x00000000eb380000,0x00000000eb380000)
  from space 4096K, 99% used [0x00000000eb400000,0x00000000eb7ff650,0x00000000eb800000)
  to   space 6144K, 0% used [0x00000000eb980000,0x00000000eb980000,0x00000000ebf80000)
 ParOldGen       total 200192K, used 179371K [0x00000000c0000000, 0x00000000cc380000, 0x00000000eab00000)
  object space 200192K, 89% used [0x00000000c0000000,0x00000000caf2ad58,0x00000000cc380000)
 Metaspace       used 64296K, committed 65600K, reserved 1114112K
  class space    used 6849K, committed 7424K, reserved 1048576K
}
Event: 10.465 GC heap after
{Heap after GC invocations=117 (full 8):
 PSYoungGen      total 12800K, used 3829K [0x00000000eab00000, 0x00000000ebd80000, 0x0000000100000000)
  eden space 8704K, 0% used [0x00000000eab00000,0x00000000eab00000,0x00000000eb380000)
  from space 4096K, 93% used [0x00000000eb980000,0x00000000ebd3d5b8,0x00000000ebd80000)
  to   space 4608K, 0% used [0x00000000eb480000,0x00000000eb480000,0x00000000eb900000)
 ParOldGen       total 200192K, used 181888K [0x00000000c0000000, 0x00000000cc380000, 0x00000000eab00000)
  object space 200192K, 90% used [0x00000000c0000000,0x00000000cb1a00c0,0x00000000cc380000)
 Metaspace       used 64296K, committed 65600K, reserved 1114112K
  class space    used 6849K, committed 7424K, reserved 1048576K
}
Event: 10.483 GC heap before
{Heap before GC invocations=118 (full 8):
 PSYoungGen      total 12800K, used 12533K [0x00000000eab00000, 0x00000000ebd80000, 0x0000000100000000)
  eden space 8704K, 100% used [0x00000000eab00000,0x00000000eb380000,0x00000000eb380000)
  from space 4096K, 93% used [0x00000000eb980000,0x00000000ebd3d5b8,0x00000000ebd80000)
  to   space 4608K, 0% used [0x00000000eb480000,0x00000000eb480000,0x00000000eb900000)
 ParOldGen       total 200192K, used 181888K [0x00000000c0000000, 0x00000000cc380000, 0x00000000eab00000)
  object space 200192K, 90% used [0x00000000c0000000,0x00000000cb1a00c0,0x00000000cc380000)
 Metaspace       used 64322K, committed 65600K, reserved 1114112K
  class space    used 6852K, committed 7424K, reserved 1048576K
}
Event: 10.485 GC heap after
{Heap after GC invocations=118 (full 8):
 PSYoungGen      total 13312K, used 4607K [0x00000000eab00000, 0x00000000ebf80000, 0x0000000100000000)
  eden space 8704K, 0% used [0x00000000eab00000,0x00000000eab00000,0x00000000eb380000)
  from space 4608K, 99% used [0x00000000eb480000,0x00000000eb8ffff8,0x00000000eb900000)
  to   space 6144K, 0% used [0x00000000eb980000,0x00000000eb980000,0x00000000ebf80000)
 ParOldGen       total 200192K, used 182867K [0x00000000c0000000, 0x00000000cc380000, 0x00000000eab00000)
  object space 200192K, 91% used [0x00000000c0000000,0x00000000cb294d20,0x00000000cc380000)
 Metaspace       used 64322K, committed 65600K, reserved 1114112K
  class space    used 6852K, committed 7424K, reserved 1048576K
}
Event: 10.498 GC heap before
{Heap before GC invocations=119 (full 8):
 PSYoungGen      total 13312K, used 13311K [0x00000000eab00000, 0x00000000ebf80000, 0x0000000100000000)
  eden space 8704K, 100% used [0x00000000eab00000,0x00000000eb380000,0x00000000eb380000)
  from space 4608K, 99% used [0x00000000eb480000,0x00000000eb8ffff8,0x00000000eb900000)
  to   space 6144K, 0% used [0x00000000eb980000,0x00000000eb980000,0x00000000ebf80000)
 ParOldGen       total 200192K, used 182867K [0x00000000c0000000, 0x00000000cc380000, 0x00000000eab00000)
  object space 200192K, 91% used [0x00000000c0000000,0x00000000cb294d20,0x00000000cc380000)
 Metaspace       used 64322K, committed 65600K, reserved 1114112K
  class space    used 6852K, committed 7424K, reserved 1048576K
}
Event: 10.501 GC heap after
{Heap after GC invocations=119 (full 8):
 PSYoungGen      total 13824K, used 2911K [0x00000000eab00000, 0x00000000ebd00000, 0x0000000100000000)
  eden space 10240K, 0% used [0x00000000eab00000,0x00000000eab00000,0x00000000eb500000)
  from space 3584K, 81% used [0x00000000eb980000,0x00000000ebc57c60,0x00000000ebd00000)
  to   space 4096K, 0% used [0x00000000eb500000,0x00000000eb500000,0x00000000eb900000)
 ParOldGen       total 200192K, used 185953K [0x00000000c0000000, 0x00000000cc380000, 0x00000000eab00000)
  object space 200192K, 92% used [0x00000000c0000000,0x00000000cb598578,0x00000000cc380000)
 Metaspace       used 64322K, committed 65600K, reserved 1114112K
  class space    used 6852K, committed 7424K, reserved 1048576K
}
Event: 10.522 GC heap before
{Heap before GC invocations=120 (full 8):
 PSYoungGen      total 13824K, used 13151K [0x00000000eab00000, 0x00000000ebd00000, 0x0000000100000000)
  eden space 10240K, 100% used [0x00000000eab00000,0x00000000eb500000,0x00000000eb500000)
  from space 3584K, 81% used [0x00000000eb980000,0x00000000ebc57c60,0x00000000ebd00000)
  to   space 4096K, 0% used [0x00000000eb500000,0x00000000eb500000,0x00000000eb900000)
 ParOldGen       total 200192K, used 185953K [0x00000000c0000000, 0x00000000cc380000, 0x00000000eab00000)
  object space 200192K, 92% used [0x00000000c0000000,0x00000000cb598578,0x00000000cc380000)
 Metaspace       used 64326K, committed 65600K, reserved 1114112K
  class space    used 6852K, committed 7424K, reserved 1048576K
}
Event: 10.524 GC heap after
{Heap after GC invocations=120 (full 8):
 PSYoungGen      total 13824K, used 3196K [0x00000000eab00000, 0x00000000ebc00000, 0x0000000100000000)
  eden space 10240K, 0% used [0x00000000eab00000,0x00000000eab00000,0x00000000eb500000)
  from space 3584K, 89% used [0x00000000eb500000,0x00000000eb81f370,0x00000000eb880000)
  to   space 3584K, 0% used [0x00000000eb880000,0x00000000eb880000,0x00000000ebc00000)
 ParOldGen       total 200192K, used 187373K [0x00000000c0000000, 0x00000000cc380000, 0x00000000eab00000)
  object space 200192K, 93% used [0x00000000c0000000,0x00000000cb6fb690,0x00000000cc380000)
 Metaspace       used 64326K, committed 65600K, reserved 1114112K
  class space    used 6852K, committed 7424K, reserved 1048576K
}
Event: 10.556 GC heap before
{Heap before GC invocations=121 (full 8):
 PSYoungGen      total 13824K, used 13436K [0x00000000eab00000, 0x00000000ebc00000, 0x0000000100000000)
  eden space 10240K, 100% used [0x00000000eab00000,0x00000000eb500000,0x00000000eb500000)
  from space 3584K, 89% used [0x00000000eb500000,0x00000000eb81f370,0x00000000eb880000)
  to   space 3584K, 0% used [0x00000000eb880000,0x00000000eb880000,0x00000000ebc00000)
 ParOldGen       total 200192K, used 187373K [0x00000000c0000000, 0x00000000cc380000, 0x00000000eab00000)
  object space 200192K, 93% used [0x00000000c0000000,0x00000000cb6fb690,0x00000000cc380000)
 Metaspace       used 64326K, committed 65600K, reserved 1114112K
  class space    used 6852K, committed 7424K, reserved 1048576K
}
Event: 10.559 GC heap after
{Heap after GC invocations=121 (full 8):
 PSYoungGen      total 11776K, used 3555K [0x00000000eab00000, 0x00000000ec000000, 0x0000000100000000)
  eden space 8192K, 0% used [0x00000000eab00000,0x00000000eab00000,0x00000000eb300000)
  from space 3584K, 99% used [0x00000000eb880000,0x00000000ebbf8c58,0x00000000ebc00000)
  to   space 5632K, 0% used [0x00000000eb300000,0x00000000eb300000,0x00000000eb880000)
 ParOldGen       total 200192K, used 188920K [0x00000000c0000000, 0x00000000cc380000, 0x00000000eab00000)
  object space 200192K, 94% used [0x00000000c0000000,0x00000000cb87e000,0x00000000cc380000)
 Metaspace       used 64326K, committed 65600K, reserved 1114112K
  class space    used 6852K, committed 7424K, reserved 1048576K
}
Event: 10.582 GC heap before
{Heap before GC invocations=122 (full 8):
 PSYoungGen      total 11776K, used 11747K [0x00000000eab00000, 0x00000000ec000000, 0x0000000100000000)
  eden space 8192K, 100% used [0x00000000eab00000,0x00000000eb300000,0x00000000eb300000)
  from space 3584K, 99% used [0x00000000eb880000,0x00000000ebbf8c58,0x00000000ebc00000)
  to   space 5632K, 0% used [0x00000000eb300000,0x00000000eb300000,0x00000000eb880000)
 ParOldGen       total 200192K, used 188920K [0x00000000c0000000, 0x00000000cc380000, 0x00000000eab00000)
  object space 200192K, 94% used [0x00000000c0000000,0x00000000cb87e000,0x00000000cc380000)
 Metaspace       used 64326K, committed 65600K, reserved 1114112K
  class space    used 6852K, committed 7424K, reserved 1048576K
}
Event: 10.584 GC heap after
{Heap after GC invocations=122 (full 8):
 PSYoungGen      total 10752K, used 2184K [0x00000000eab00000, 0x00000000eba00000, 0x0000000100000000)
  eden space 8192K, 0% used [0x00000000eab00000,0x00000000eab00000,0x00000000eb300000)
  from space 2560K, 85% used [0x00000000eb300000,0x00000000eb522078,0x00000000eb580000)
  to   space 3584K, 0% used [0x00000000eb680000,0x00000000eb680000,0x00000000eba00000)
 ParOldGen       total 200192K, used 192291K [0x00000000c0000000, 0x00000000cc380000, 0x00000000eab00000)
  object space 200192K, 96% used [0x00000000c0000000,0x00000000cbbc8cb8,0x00000000cc380000)
 Metaspace       used 64326K, committed 65600K, reserved 1114112K
  class space    used 6852K, committed 7424K, reserved 1048576K
}
Event: 10.611 GC heap before
{Heap before GC invocations=123 (full 8):
 PSYoungGen      total 10752K, used 10376K [0x00000000eab00000, 0x00000000eba00000, 0x0000000100000000)
  eden space 8192K, 100% used [0x00000000eab00000,0x00000000eb300000,0x00000000eb300000)
  from space 2560K, 85% used [0x00000000eb300000,0x00000000eb522078,0x00000000eb580000)
  to   space 3584K, 0% used [0x00000000eb680000,0x00000000eb680000,0x00000000eba00000)
 ParOldGen       total 200192K, used 192291K [0x00000000c0000000, 0x00000000cc380000, 0x00000000eab00000)
  object space 200192K, 96% used [0x00000000c0000000,0x00000000cbbc8cb8,0x00000000cc380000)
 Metaspace       used 64351K, committed 65600K, reserved 1114112K
  class space    used 6853K, committed 7424K, reserved 1048576K
}
Event: 10.614 GC heap after
{Heap after GC invocations=123 (full 8):
 PSYoungGen      total 10240K, used 2039K [0x00000000eab00000, 0x00000000eb880000, 0x0000000100000000)
  eden space 8192K, 0% used [0x00000000eab00000,0x00000000eab00000,0x00000000eb300000)
  from space 2048K, 99% used [0x00000000eb680000,0x00000000eb87df98,0x00000000eb880000)
  to   space 2560K, 0% used [0x00000000eb380000,0x00000000eb380000,0x00000000eb600000)
 ParOldGen       total 200192K, used 194263K [0x00000000c0000000, 0x00000000cc380000, 0x00000000eab00000)
  object space 200192K, 97% used [0x00000000c0000000,0x00000000cbdb5d68,0x00000000cc380000)
 Metaspace       used 64351K, committed 65600K, reserved 1114112K
  class space    used 6853K, committed 7424K, reserved 1048576K
}
Event: 10.629 GC heap before
{Heap before GC invocations=124 (full 8):
 PSYoungGen      total 10240K, used 10231K [0x00000000eab00000, 0x00000000eb880000, 0x0000000100000000)
  eden space 8192K, 100% used [0x00000000eab00000,0x00000000eb300000,0x00000000eb300000)
  from space 2048K, 99% used [0x00000000eb680000,0x00000000eb87df98,0x00000000eb880000)
  to   space 2560K, 0% used [0x00000000eb380000,0x00000000eb380000,0x00000000eb600000)
 ParOldGen       total 200192K, used 194263K [0x00000000c0000000, 0x00000000cc380000, 0x00000000eab00000)
  object space 200192K, 97% used [0x00000000c0000000,0x00000000cbdb5d68,0x00000000cc380000)
 Metaspace       used 64367K, committed 65664K, reserved 1114112K
  class space    used 6853K, committed 7424K, reserved 1048576K
}
Event: 10.631 GC heap after
{Heap after GC invocations=124 (full 8):
 PSYoungGen      total 10752K, used 2555K [0x00000000eab00000, 0x00000000eba00000, 0x0000000100000000)
  eden space 8192K, 0% used [0x00000000eab00000,0x00000000eab00000,0x00000000eb300000)
  from space 2560K, 99% used [0x00000000eb380000,0x00000000eb5fecc8,0x00000000eb600000)
  to   space 3584K, 0% used [0x00000000eb680000,0x00000000eb680000,0x00000000eba00000)
 ParOldGen       total 200192K, used 194880K [0x00000000c0000000, 0x00000000cc380000, 0x00000000eab00000)
  object space 200192K, 97% used [0x00000000c0000000,0x00000000cbe500f0,0x00000000cc380000)
 Metaspace       used 64367K, committed 65664K, reserved 1114112K
  class space    used 6853K, committed 7424K, reserved 1048576K
}
Event: 10.645 GC heap before
{Heap before GC invocations=125 (full 8):
 PSYoungGen      total 10752K, used 10747K [0x00000000eab00000, 0x00000000eba00000, 0x0000000100000000)
  eden space 8192K, 100% used [0x00000000eab00000,0x00000000eb300000,0x00000000eb300000)
  from space 2560K, 99% used [0x00000000eb380000,0x00000000eb5fecc8,0x00000000eb600000)
  to   space 3584K, 0% used [0x00000000eb680000,0x00000000eb680000,0x00000000eba00000)
 ParOldGen       total 200192K, used 194880K [0x00000000c0000000, 0x00000000cc380000, 0x00000000eab00000)
  object space 200192K, 97% used [0x00000000c0000000,0x00000000cbe500f0,0x00000000cc380000)
 Metaspace       used 64367K, committed 65664K, reserved 1114112K
  class space    used 6853K, committed 7424K, reserved 1048576K
}
Event: 11.659 GC heap after
{Heap after GC invocations=125 (full 8):
 PSYoungGen      total 12288K, used 1071K [0x00000000eab00000, 0x00000000eb900000, 0x0000000100000000)
  eden space 9728K, 0% used [0x00000000eab00000,0x00000000eab00000,0x00000000eb480000)
  from space 2560K, 41% used [0x00000000eb680000,0x00000000eb78be48,0x00000000eb900000)
  to   space 2048K, 0% used [0x00000000eb480000,0x00000000eb480000,0x00000000eb680000)
 ParOldGen       total 200192K, used 197303K [0x00000000c0000000, 0x00000000cc380000, 0x00000000eab00000)
  object space 200192K, 98% used [0x00000000c0000000,0x00000000cc0addd0,0x00000000cc380000)
 Metaspace       used 64367K, committed 65664K, reserved 1114112K
  class space    used 6853K, committed 7424K, reserved 1048576K
}
Event: 11.670 GC heap before
{Heap before GC invocations=126 (full 8):
 PSYoungGen      total 12288K, used 10799K [0x00000000eab00000, 0x00000000eb900000, 0x0000000100000000)
  eden space 9728K, 100% used [0x00000000eab00000,0x00000000eb480000,0x00000000eb480000)
  from space 2560K, 41% used [0x00000000eb680000,0x00000000eb78be48,0x00000000eb900000)
  to   space 2048K, 0% used [0x00000000eb480000,0x00000000eb480000,0x00000000eb680000)
 ParOldGen       total 200192K, used 197303K [0x00000000c0000000, 0x00000000cc380000, 0x00000000eab00000)
  object space 200192K, 98% used [0x00000000c0000000,0x00000000cc0addd0,0x00000000cc380000)
 Metaspace       used 64378K, committed 65664K, reserved 1114112K
  class space    used 6856K, committed 7424K, reserved 1048576K
}

