# JRE version: OpenJDK Runtime Environment Temurin-17.0.12+7 (17.0.12+7) (build 17.0.12+7)
# Java VM: OpenJDK 64-Bit Server VM Temurin-17.0.12+7 (17.0.12+7, mixed mode, tiered, compressed oops, compressed class ptrs, parallel gc, windows-amd64)
GC Precious Log:
 CPUs: 16 total, 16 available
 Memory: 16236M
 Large Page Support: Disabled
 NUMA Support: Disabled
 Compressed Oops: Enabled (32-bit)
 Alignments: Space 512K, Generation 512K, Heap 2M
 Heap Min Capacity: 100M
 Heap Initial Capacity: 100M
 Heap Max Capacity: 1G
 Pre-touch: Disabled
 Parallel Workers: 13
Heap:
 PSYoungGen      total 23040K, used 12950K [0x00000000eab00000, 0x00000000ec480000, 0x0000000100000000)
  eden space 22016K, 54% used [0x00000000eab00000,0x00000000eb6c5ac0,0x00000000ec080000)
  from space 1024K, 87% used [0x00000000ec380000,0x00000000ec460010,0x00000000ec480000)
  to   space 1536K, 0% used [0x00000000ec180000,0x00000000ec180000,0x00000000ec300000)
 ParOldGen       total 68608K, used 19551K [0x00000000c0000000, 0x00000000c4300000, 0x00000000eab00000)
  object space 68608K, 28% used [0x00000000c0000000,0x00000000c1317f10,0x00000000c4300000)
 Metaspace       used 42514K, committed 43328K, reserved 1114112K
  class space    used 4327K, committed 4672K, reserved 1048576K
GC Heap History (20 events):
Event: 8.411 GC heap before
{Heap before GC invocations=7 (full 1):
 PSYoungGen      total 28672K, used 28391K [0x00000000eab00000, 0x00000000ecb80000, 0x0000000100000000)
  eden space 25088K, 99% used [0x00000000eab00000,0x00000000ec35ed38,0x00000000ec380000)
  from space 3584K, 95% used [0x00000000ec400000,0x00000000ec75b2c0,0x00000000ec780000)
  to   space 4096K, 0% used [0x00000000ec780000,0x00000000ec780000,0x00000000ecb80000)
 ParOldGen       total 68608K, used 6880K [0x00000000c0000000, 0x00000000c4300000, 0x00000000eab00000)
  object space 68608K, 10% used [0x00000000c0000000,0x00000000c06b8000,0x00000000c4300000)
 Metaspace       used 28350K, committed 28864K, reserved 1114112K
  class space    used 2772K, committed 3008K, reserved 1048576K
}
Event: 8.413 GC heap after
{Heap after GC invocations=7 (full 1):
 PSYoungGen      total 26112K, used 1420K [0x00000000eab00000, 0x00000000ec900000, 0x0000000100000000)
  eden space 24576K, 0% used [0x00000000eab00000,0x00000000eab00000,0x00000000ec300000)
  from space 1536K, 92% used [0x00000000ec780000,0x00000000ec8e33d0,0x00000000ec900000)
  to   space 2560K, 0% used [0x00000000ec400000,0x00000000ec400000,0x00000000ec680000)
 ParOldGen       total 68608K, used 6888K [0x00000000c0000000, 0x00000000c4300000, 0x00000000eab00000)
  object space 68608K, 10% used [0x00000000c0000000,0x00000000c06ba000,0x00000000c4300000)
 Metaspace       used 28350K, committed 28864K, reserved 1114112K
  class space    used 2772K, committed 3008K, reserved 1048576K
}
Event: 8.852 GC heap before
{Heap before GC invocations=8 (full 1):
 PSYoungGen      total 26112K, used 25996K [0x00000000eab00000, 0x00000000ec900000, 0x0000000100000000)
  eden space 24576K, 100% used [0x00000000eab00000,0x00000000ec300000,0x00000000ec300000)
  from space 1536K, 92% used [0x00000000ec780000,0x00000000ec8e33d0,0x00000000ec900000)
  to   space 2560K, 0% used [0x00000000ec400000,0x00000000ec400000,0x00000000ec680000)
 ParOldGen       total 68608K, used 6888K [0x00000000c0000000, 0x00000000c4300000, 0x00000000eab00000)
  object space 68608K, 10% used [0x00000000c0000000,0x00000000c06ba000,0x00000000c4300000)
 Metaspace       used 30406K, committed 30912K, reserved 1114112K
  class space    used 2939K, committed 3200K, reserved 1048576K
}
Event: 8.854 GC heap after
{Heap after GC invocations=8 (full 1):
 PSYoungGen      total 26624K, used 2547K [0x00000000eab00000, 0x00000000ecb80000, 0x0000000100000000)
  eden space 24064K, 0% used [0x00000000eab00000,0x00000000eab00000,0x00000000ec280000)
  from space 2560K, 99% used [0x00000000ec400000,0x00000000ec67cc90,0x00000000ec680000)
  to   space 4608K, 0% used [0x00000000ec700000,0x00000000ec700000,0x00000000ecb80000)
 ParOldGen       total 68608K, used 8299K [0x00000000c0000000, 0x00000000c4300000, 0x00000000eab00000)
  object space 68608K, 12% used [0x00000000c0000000,0x00000000c081ac68,0x00000000c4300000)
 Metaspace       used 30406K, committed 30912K, reserved 1114112K
  class space    used 2939K, committed 3200K, reserved 1048576K
}
Event: 9.390 GC heap before
{Heap before GC invocations=9 (full 1):
 PSYoungGen      total 26624K, used 26611K [0x00000000eab00000, 0x00000000ecb80000, 0x0000000100000000)
  eden space 24064K, 100% used [0x00000000eab00000,0x00000000ec280000,0x00000000ec280000)
  from space 2560K, 99% used [0x00000000ec400000,0x00000000ec67cc90,0x00000000ec680000)
  to   space 4608K, 0% used [0x00000000ec700000,0x00000000ec700000,0x00000000ecb80000)
 ParOldGen       total 68608K, used 8299K [0x00000000c0000000, 0x00000000c4300000, 0x00000000eab00000)
  object space 68608K, 12% used [0x00000000c0000000,0x00000000c081ac68,0x00000000c4300000)
 Metaspace       used 33927K, committed 34624K, reserved 1114112K
  class space    used 3379K, committed 3712K, reserved 1048576K
}
Event: 9.393 GC heap after
{Heap after GC invocations=9 (full 1):
 PSYoungGen      total 27648K, used 3705K [0x00000000eab00000, 0x00000000ecb00000, 0x0000000100000000)
  eden space 23552K, 0% used [0x00000000eab00000,0x00000000eab00000,0x00000000ec200000)
  from space 4096K, 90% used [0x00000000ec700000,0x00000000eca9e6e0,0x00000000ecb00000)
  to   space 4096K, 0% used [0x00000000ec300000,0x00000000ec300000,0x00000000ec700000)
 ParOldGen       total 68608K, used 8307K [0x00000000c0000000, 0x00000000c4300000, 0x00000000eab00000)
  object space 68608K, 12% used [0x00000000c0000000,0x00000000c081cc68,0x00000000c4300000)
 Metaspace       used 33927K, committed 34624K, reserved 1114112K
  class space    used 3379K, committed 3712K, reserved 1048576K
}
Event: 10.880 GC heap before
{Heap before GC invocations=10 (full 1):
 PSYoungGen      total 27648K, used 12482K [0x00000000eab00000, 0x00000000ecb00000, 0x0000000100000000)
  eden space 23552K, 37% used [0x00000000eab00000,0x00000000eb3922c0,0x00000000ec200000)
  from space 4096K, 90% used [0x00000000ec700000,0x00000000eca9e6e0,0x00000000ecb00000)
  to   space 4096K, 0% used [0x00000000ec300000,0x00000000ec300000,0x00000000ec700000)
 ParOldGen       total 68608K, used 8307K [0x00000000c0000000, 0x00000000c4300000, 0x00000000eab00000)
  object space 68608K, 12% used [0x00000000c0000000,0x00000000c081cc68,0x00000000c4300000)
 Metaspace       used 35235K, committed 35840K, reserved 1114112K
  class space    used 3509K, committed 3776K, reserved 1048576K
}
Event: 10.883 GC heap after
{Heap after GC invocations=10 (full 1):
 PSYoungGen      total 27136K, used 3336K [0x00000000eab00000, 0x00000000ec900000, 0x0000000100000000)
  eden space 23552K, 0% used [0x00000000eab00000,0x00000000eab00000,0x00000000ec200000)
  from space 3584K, 93% used [0x00000000ec300000,0x00000000ec642050,0x00000000ec680000)
  to   space 2560K, 0% used [0x00000000ec680000,0x00000000ec680000,0x00000000ec900000)
 ParOldGen       total 68608K, used 9237K [0x00000000c0000000, 0x00000000c4300000, 0x00000000eab00000)
  object space 68608K, 13% used [0x00000000c0000000,0x00000000c09057c0,0x00000000c4300000)
 Metaspace       used 35235K, committed 35840K, reserved 1114112K
  class space    used 3509K, committed 3776K, reserved 1048576K
}
Event: 10.883 GC heap before
{Heap before GC invocations=11 (full 2):
 PSYoungGen      total 27136K, used 3336K [0x00000000eab00000, 0x00000000ec900000, 0x0000000100000000)
  eden space 23552K, 0% used [0x00000000eab00000,0x00000000eab00000,0x00000000ec200000)
  from space 3584K, 93% used [0x00000000ec300000,0x00000000ec642050,0x00000000ec680000)
  to   space 2560K, 0% used [0x00000000ec680000,0x00000000ec680000,0x00000000ec900000)
 ParOldGen       total 68608K, used 9237K [0x00000000c0000000, 0x00000000c4300000, 0x00000000eab00000)
  object space 68608K, 13% used [0x00000000c0000000,0x00000000c09057c0,0x00000000c4300000)
 Metaspace       used 35235K, committed 35840K, reserved 1114112K
  class space    used 3509K, committed 3776K, reserved 1048576K
}
Event: 10.905 GC heap after
{Heap after GC invocations=11 (full 2):
 PSYoungGen      total 27136K, used 0K [0x00000000eab00000, 0x00000000ec900000, 0x0000000100000000)
  eden space 23552K, 0% used [0x00000000eab00000,0x00000000eab00000,0x00000000ec200000)
  from space 3584K, 0% used [0x00000000ec300000,0x00000000ec300000,0x00000000ec680000)
  to   space 2560K, 0% used [0x00000000ec680000,0x00000000ec680000,0x00000000ec900000)
 ParOldGen       total 68608K, used 12127K [0x00000000c0000000, 0x00000000c4300000, 0x00000000eab00000)
  object space 68608K, 17% used [0x00000000c0000000,0x00000000c0bd7cd0,0x00000000c4300000)
 Metaspace       used 35235K, committed 35840K, reserved 1114112K
  class space    used 3509K, committed 3776K, reserved 1048576K
}
Event: 16.828 GC heap before
{Heap before GC invocations=12 (full 2):
 PSYoungGen      total 27136K, used 23552K [0x00000000eab00000, 0x00000000ec900000, 0x0000000100000000)
  eden space 23552K, 100% used [0x00000000eab00000,0x00000000ec200000,0x00000000ec200000)
  from space 3584K, 0% used [0x00000000ec300000,0x00000000ec300000,0x00000000ec680000)
  to   space 2560K, 0% used [0x00000000ec680000,0x00000000ec680000,0x00000000ec900000)
 ParOldGen       total 68608K, used 12127K [0x00000000c0000000, 0x00000000c4300000, 0x00000000eab00000)
  object space 68608K, 17% used [0x00000000c0000000,0x00000000c0bd7cd0,0x00000000c4300000)
 Metaspace       used 38377K, committed 39104K, reserved 1114112K
  class space    used 3852K, committed 4160K, reserved 1048576K
}
Event: 16.829 GC heap after
{Heap after GC invocations=12 (full 2):
 PSYoungGen      total 25088K, used 1954K [0x00000000eab00000, 0x00000000ec880000, 0x0000000100000000)
  eden space 23040K, 0% used [0x00000000eab00000,0x00000000eab00000,0x00000000ec180000)
  from space 2048K, 95% used [0x00000000ec680000,0x00000000ec868a70,0x00000000ec880000)
  to   space 2560K, 0% used [0x00000000ec380000,0x00000000ec380000,0x00000000ec600000)
 ParOldGen       total 68608K, used 12135K [0x00000000c0000000, 0x00000000c4300000, 0x00000000eab00000)
  object space 68608K, 17% used [0x00000000c0000000,0x00000000c0bd9cd0,0x00000000c4300000)
 Metaspace       used 38377K, committed 39104K, reserved 1114112K
  class space    used 3852K, committed 4160K, reserved 1048576K
}
Event: 16.986 GC heap before
{Heap before GC invocations=13 (full 2):
 PSYoungGen      total 25088K, used 24994K [0x00000000eab00000, 0x00000000ec880000, 0x0000000100000000)
  eden space 23040K, 99% used [0x00000000eab00000,0x00000000ec17fff8,0x00000000ec180000)
  from space 2048K, 95% used [0x00000000ec680000,0x00000000ec868a70,0x00000000ec880000)
  to   space 2560K, 0% used [0x00000000ec380000,0x00000000ec380000,0x00000000ec600000)
 ParOldGen       total 68608K, used 12135K [0x00000000c0000000, 0x00000000c4300000, 0x00000000eab00000)
  object space 68608K, 17% used [0x00000000c0000000,0x00000000c0bd9cd0,0x00000000c4300000)
 Metaspace       used 40165K, committed 40896K, reserved 1114112K
  class space    used 4091K, committed 4416K, reserved 1048576K
}
Event: 16.988 GC heap after
{Heap after GC invocations=13 (full 2):
 PSYoungGen      total 24576K, used 1896K [0x00000000eab00000, 0x00000000ec700000, 0x0000000100000000)
  eden space 22528K, 0% used [0x00000000eab00000,0x00000000eab00000,0x00000000ec100000)
  from space 2048K, 92% used [0x00000000ec380000,0x00000000ec55a268,0x00000000ec580000)
  to   space 1536K, 0% used [0x00000000ec580000,0x00000000ec580000,0x00000000ec700000)
 ParOldGen       total 68608K, used 13904K [0x00000000c0000000, 0x00000000c4300000, 0x00000000eab00000)
  object space 68608K, 20% used [0x00000000c0000000,0x00000000c0d942f8,0x00000000c4300000)
 Metaspace       used 40165K, committed 40896K, reserved 1114112K
  class space    used 4091K, committed 4416K, reserved 1048576K
}
Event: 19.147 GC heap before
{Heap before GC invocations=14 (full 2):
 PSYoungGen      total 24576K, used 24424K [0x00000000eab00000, 0x00000000ec700000, 0x0000000100000000)
  eden space 22528K, 100% used [0x00000000eab00000,0x00000000ec100000,0x00000000ec100000)
  from space 2048K, 92% used [0x00000000ec380000,0x00000000ec55a268,0x00000000ec580000)
  to   space 1536K, 0% used [0x00000000ec580000,0x00000000ec580000,0x00000000ec700000)
 ParOldGen       total 68608K, used 13904K [0x00000000c0000000, 0x00000000c4300000, 0x00000000eab00000)
  object space 68608K, 20% used [0x00000000c0000000,0x00000000c0d942f8,0x00000000c4300000)
 Metaspace       used 40401K, committed 41280K, reserved 1114112K
  class space    used 4105K, committed 4480K, reserved 1048576K
}
Event: 19.148 GC heap after
{Heap after GC invocations=14 (full 2):
 PSYoungGen      total 23552K, used 1505K [0x00000000eab00000, 0x00000000ec880000, 0x0000000100000000)
  eden space 22016K, 0% used [0x00000000eab00000,0x00000000eab00000,0x00000000ec080000)
  from space 1536K, 98% used [0x00000000ec580000,0x00000000ec6f8588,0x00000000ec700000)
  to   space 4096K, 0% used [0x00000000ec080000,0x00000000ec080000,0x00000000ec480000)
 ParOldGen       total 68608K, used 16125K [0x00000000c0000000, 0x00000000c4300000, 0x00000000eab00000)
  object space 68608K, 23% used [0x00000000c0000000,0x00000000c0fbf628,0x00000000c4300000)
 Metaspace       used 40401K, committed 41280K, reserved 1114112K
  class space    used 4105K, committed 4480K, reserved 1048576K
}
Event: 20.196 GC heap before
{Heap before GC invocations=15 (full 2):
 PSYoungGen      total 23552K, used 23521K [0x00000000eab00000, 0x00000000ec880000, 0x0000000100000000)
  eden space 22016K, 100% used [0x00000000eab00000,0x00000000ec080000,0x00000000ec080000)
  from space 1536K, 98% used [0x00000000ec580000,0x00000000ec6f8588,0x00000000ec700000)
  to   space 4096K, 0% used [0x00000000ec080000,0x00000000ec080000,0x00000000ec480000)
 ParOldGen       total 68608K, used 16125K [0x00000000c0000000, 0x00000000c4300000, 0x00000000eab00000)
  object space 68608K, 23% used [0x00000000c0000000,0x00000000c0fbf628,0x00000000c4300000)
 Metaspace       used 40536K, committed 41344K, reserved 1114112K
  class space    used 4128K, committed 4480K, reserved 1048576K
}
Event: 20.197 GC heap after
{Heap after GC invocations=15 (full 2):
 PSYoungGen      total 24576K, used 2178K [0x00000000eab00000, 0x00000000ec680000, 0x0000000100000000)
  eden space 22016K, 0% used [0x00000000eab00000,0x00000000eab00000,0x00000000ec080000)
  from space 2560K, 85% used [0x00000000ec080000,0x00000000ec2a0810,0x00000000ec300000)
  to   space 3072K, 0% used [0x00000000ec380000,0x00000000ec380000,0x00000000ec680000)
 ParOldGen       total 68608K, used 17557K [0x00000000c0000000, 0x00000000c4300000, 0x00000000eab00000)
  object space 68608K, 25% used [0x00000000c0000000,0x00000000c1125700,0x00000000c4300000)
 Metaspace       used 40536K, committed 41344K, reserved 1114112K
  class space    used 4128K, committed 4480K, reserved 1048576K
}
Event: 23.730 GC heap before
{Heap before GC invocations=16 (full 2):
 PSYoungGen      total 24576K, used 24194K [0x00000000eab00000, 0x00000000ec680000, 0x0000000100000000)
  eden space 22016K, 100% used [0x00000000eab00000,0x00000000ec080000,0x00000000ec080000)
  from space 2560K, 85% used [0x00000000ec080000,0x00000000ec2a0810,0x00000000ec300000)
  to   space 3072K, 0% used [0x00000000ec380000,0x00000000ec380000,0x00000000ec680000)
 ParOldGen       total 68608K, used 17557K [0x00000000c0000000, 0x00000000c4300000, 0x00000000eab00000)
  object space 68608K, 25% used [0x00000000c0000000,0x00000000c1125700,0x00000000c4300000)
 Metaspace       used 41901K, committed 42688K, reserved 1114112K
  class space    used 4262K, committed 4608K, reserved 1048576K
}
Event: 23.732 GC heap after
{Heap after GC invocations=16 (full 2):
 PSYoungGen      total 23040K, used 896K [0x00000000eab00000, 0x00000000ec480000, 0x0000000100000000)
  eden space 22016K, 0% used [0x00000000eab00000,0x00000000eab00000,0x00000000ec080000)
  from space 1024K, 87% used [0x00000000ec380000,0x00000000ec460010,0x00000000ec480000)
  to   space 1536K, 0% used [0x00000000ec180000,0x00000000ec180000,0x00000000ec300000)
 ParOldGen       total 68608K, used 19551K [0x00000000c0000000, 0x00000000c4300000, 0x00000000eab00000)
  object space 68608K, 28% used [0x00000000c0000000,0x00000000c1317f10,0x00000000c4300000)
 Metaspace       used 41901K, committed 42688K, reserved 1114112K
  class space    used 4262K, committed 4608K, reserved 1048576K
}

